2026-04-01 16:26:03 | INPUT: помощ | INTENT: help | PARAMS: 
Команди:

Клубове:
- Добави клуб Левски
- Покажи всички клубове
- Изтрий клуб Левски

Играчите:
- Добави играч Иван Петров в Левски позиция FW номер 9 роден 2000-01-01 националност България
- Покажи играчи на Левски
- Смени номер на Иван Петров на 10
- Изтрий играч Иван Петров

Трансфери:
- Трансфер Иван Петров от Левски в Лудогорец 2026-03-10
- Трансфер Иван Петров от Левски в Лудогорец 2026-03-10 сума 50000
- Трансфер Иван Петров от Левски в Лудогорец 2026-03-10 сума 50000 забележка пример
- Покажи трансфери на Иван Петров
- Покажи трансфери на Левски

Система:
- помощ
- изход

2026-04-01 16:26:21 | INPUT: Покажи трансфери на Мишо Мишов | INTENT: transfer_player | PARAMS: ❌ Няма трансфери за този играч или клуб.
2026-04-01 16:26:47 | INPUT: Покажи трансфери на Мишо Мишев | INTENT: transfer_player | PARAMS: ❌ Няма трансфери за този играч или клуб.
2026-04-03 10:39:45 | INPUT: помощ | INTENT: help | PARAMS: 
Команди:

Създай лига Първа лига 2025/2026
Добави отбор Левски в лига Първа лига 2025/2026
Добави отбор ЦСКА в лига Първа лига 2025/2026
Добави отбор Лудогорец в лига Първа лига 2025/2026
Добави отбор Ботев в лига Първа лига 2025/2026

Генерирай програма Първа лига 2025/2026
Покажи програма Първа лига 2025/2026

Клубове:
- Добави клуб Левски
- Покажи всички клубове
- Изтрий клуб Левски

Играчите:
- Добави играч Иван Петров в Левски позиция FW номер 9 роден 2000-01-01 националност България
- Покажи играчи на Левски
- Смени номер на Иван Петров на 10
- Изтрий играч Иван Петров

Трансфери:
- Трансфер Иван Петров от Левски в Лудогорец 2026-03-10
- Трансфер Иван Петров от Левски в Лудогорец 2026-03-10 сума 50000
- Трансфер Иван Петров от Левски в Лудогорец 2026-03-10 сума 50000 забележка пример
- Покажи трансфери на Иван Петров
- Покажи трансфери на Левски

Система:
- помощ
- изход

2026-04-03 10:40:35 | INPUT: Добави играч Мишо Мишов в Левски позиция FW номер 11 роден 2000-01-01 националност България | INTENT: add_player | PARAMS: {'player': 'Мишо Мишов', 'club': 'Левски'} | RESULT: ✅ Играчът Мишо Мишов беше добавен в Левски.
2026-04-03 10:40:35 | INPUT: Добави играч Мишо Мишов в Левски позиция FW номер 11 роден 2000-01-01 националност България | INTENT: add_player | PARAMS: ✅ Играчът Мишо Мишов беше добавен в Левски.
2026-04-03 10:40:56 | INPUT: - Трансфер Мишо Мишов от Левски в Лудогорец 2026-03-10 | INTENT: transfer_player | PARAMS: ❌ Не разбирам командата.
2026-04-03 10:41:05 | INPUT: Трансфер Мишо Мишов от Левски в Лудогорец 2026-03-10 | INTENT: transfer_player | PARAMS: {'player': 'Мишо Мишов', 'from': 'Левски', 'to': 'Лудогорец', 'date': '2026-03-10', 'fee': None, 'note': None} | RESULT: ❌ Грешка при трансфер: table Transfers has no column named note
2026-04-03 10:41:05 | INPUT: Трансфер Мишо Мишов от Левски в Лудогорец 2026-03-10 | INTENT: transfer_player | PARAMS: ❌ Грешка при трансфер: table Transfers has no column named note
2026-04-03 10:50:55 | INPUT: Добави играч Мишо Мишов в Левски позиция FW номер 11 роден 2000-01-01 националност България | INTENT: add_player | PARAMS: {'player': 'Мишо Мишов', 'club': 'Левски'} | RESULT: ✅ Играчът Мишо Мишов беше добавен в Левски.
2026-04-03 10:50:55 | INPUT: Добави играч Мишо Мишов в Левски позиция FW номер 11 роден 2000-01-01 националност България | INTENT: add_player | PARAMS: ✅ Играчът Мишо Мишов беше добавен в Левски.
2026-04-03 10:51:12 | INPUT: Трансфер Мишо Мишов от Левски в Лудогорец 2026-03-10 | INTENT: transfer_player | PARAMS: {'player': 'Мишо Мишов', 'from': 'Левски', 'to': 'Лудогорец', 'date': '2026-03-10', 'fee': None, 'note': None} | RESULT: ✅ Мишо Мишов трансфериран от Левски в Лудогорец на 2026-03-10.
2026-04-03 10:51:12 | INPUT: Трансфер Мишо Мишов от Левски в Лудогорец 2026-03-10 | INTENT: transfer_player | PARAMS: ✅ Мишо Мишов трансфериран от Левски в Лудогорец на 2026-03-10.
2026-04-03 10:51:21 | INPUT: помощ | INTENT: help | PARAMS: 
Команди:

Създай лига Първа лига 2025/2026
Добави отбор Левски в лига Първа лига 2025/2026
Добави отбор ЦСКА в лига Първа лига 2025/2026
Добави отбор Лудогорец в лига Първа лига 2025/2026
Добави отбор Ботев в лига Първа лига 2025/2026

Генерирай програма Първа лига 2025/2026
Покажи програма Първа лига 2025/2026

Клубове:
- Добави клуб Левски
- Покажи всички клубове
- Изтрий клуб Левски

Играчите:
- Добави играч Иван Петров в Левски позиция FW номер 9 роден 2000-01-01 националност България
- Покажи играчи на Левски
- Смени номер на Иван Петров на 10
- Изтрий играч Иван Петров

Трансфери:
- Трансфер Иван Петров от Левски в Лудогорец 2026-03-10
- Трансфер Иван Петров от Левски в Лудогорец 2026-03-10 сума 50000
- Трансфер Иван Петров от Левски в Лудогорец 2026-03-10 сума 50000 забележка пример
- Покажи трансфери на Иван Петров
- Покажи трансфери на Левски

Система:
- помощ
- изход

2026-04-03 10:51:32 | INPUT: Покажи трансфери на Мишо Мишов | INTENT: show_transfers_player | PARAMS: {'player': 'Мишо Мишов'} | RESULT: 2026-03-10: Левски → Лудогорец (сума: N/A, забележка: N/A)
2026-04-03 10:51:32 | INPUT: Покажи трансфери на Мишо Мишов | INTENT: transfer_player | PARAMS: 2026-03-10: Левски → Лудогорец (сума: N/A, забележка: N/A)
2026-04-03 10:52:45 | INPUT: помощ | INTENT: help | PARAMS: 
Команди:

Създай лига Първа лига 2025/2026
Добави отбор Левски в лига Първа лига 2025/2026
Добави отбор ЦСКА в лига Първа лига 2025/2026
Добави отбор Лудогорец в лига Първа лига 2025/2026
Добави отбор Ботев в лига Първа лига 2025/2026

Генерирай програма Първа лига 2025/2026
Покажи програма Първа лига 2025/2026

Клубове:
- Добави клуб Левски
- Покажи всички клубове
- Изтрий клуб Левски

Играчите:
- Добави играч Иван Петров в Левски позиция FW номер 9 роден 2000-01-01 националност България
- Покажи играчи на Левски
- Смени номер на Иван Петров на 10
- Изтрий играч Иван Петров

Трансфери:
- Трансфер Иван Петров от Левски в Лудогорец 2026-03-10
- Трансфер Иван Петров от Левски в Лудогорец 2026-03-10 сума 50000
- Трансфер Иван Петров от Левски в Лудогорец 2026-03-10 сума 50000 забележка пример
- Покажи трансфери на Иван Петров
- Покажи трансфери на Левски

Система:
- помощ
- изход

2026-04-03 10:52:54 | INPUT: Създай лига Първа лига 2025/2026 | INTENT: create_league | PARAMS: ✅ Лигата Първа лига (2025/2026) е създадена.
2026-04-03 10:53:02 | INPUT: Добави отбор Левски в лига Първа лига 2025/2026 | INTENT: add_team_league | PARAMS: ✅ Левски е добавен в Първа лига.
2026-04-03 10:53:14 | INPUT: Добави отбор ЦСКА в лига Първа лига 2025/2026 | INTENT: add_team_league | PARAMS: ✅ ЦСКА е добавен в Първа лига.
2026-04-03 10:53:24 | INPUT: Добави отбор Лудогорец в лига Първа лига 2025/2026 | INTENT: add_team_league | PARAMS: ✅ Лудогорец е добавен в Първа лига.
2026-04-03 10:53:33 | INPUT: Добави отбор Ботев в лига Първа лига 2025/2026 | INTENT: add_team_league | PARAMS: ✅ Ботев е добавен в Първа лига.
2026-04-03 10:53:50 | INPUT: Добави отбор Берое в лига Първа лига 2025/2026 | INTENT: add_team_league | PARAMS: ❌ Няма такъв клуб.
2026-04-03 11:11:54 | INPUT: помощ | INTENT: help | PARAMS: 
Команди:

Създай лига Първа лига 2025/2026
Добави отбор Левски в лига Първа лига 2025/2026
Добави отбор ЦСКА в лига Първа лига 2025/2026
Добави отбор Лудогорец в лига Първа лига 2025/2026
Добави отбор Ботев в лига Първа лига 2025/2026

Генерирай програма Първа лига 2025/2026
Покажи програма Първа лига 2025/2026

Клубове:
- Добави клуб Левски
- Покажи всички клубове
- Изтрий клуб Левски

Играчите:
- Добави играч Иван Петров в Левски позиция FW номер 9 роден 2000-01-01 националност България
- Покажи играчи на Левски
- Смени номер на Иван Петров на 10
- Изтрий играч Иван Петров

Трансфери:
- Трансфер Иван Петров от Левски в Лудогорец 2026-03-10
- Трансфер Иван Петров от Левски в Лудогорец 2026-03-10 сума 50000
- Трансфер Иван Петров от Левски в Лудогорец 2026-03-10 сума 50000 забележка пример
- Покажи трансфери на Иван Петров
- Покажи трансфери на Левски

Система:
- помощ
- изход

2026-04-03 11:12:05 | INPUT: Създай лига Първа лига 2025/2026 | INTENT: create_league | PARAMS: ✅ Лигата Първа лига (2025/2026) е създадена.
2026-04-03 11:12:11 | INPUT: Добави отбор Левски в лига Първа лига 2025/2026 | INTENT: add_team_league | PARAMS: ✅ Левски е добавен в Първа лига.
2026-04-03 11:12:15 | INPUT: Добави отбор ЦСКА в лига Първа лига 2025/2026 | INTENT: add_team_league | PARAMS: ✅ ЦСКА е добавен в Първа лига.
2026-04-03 11:12:20 | INPUT: Добави отбор Лудогорец в лига Първа лига 2025/2026 | INTENT: add_team_league | PARAMS: ✅ Лудогорец е добавен в Първа лига.
2026-04-03 11:12:25 | INPUT: Добави отбор Ботев в лига Първа лига 2025/2026 | INTENT: add_team_league | PARAMS: ❌ Няма такъв клуб.
2026-04-03 11:12:35 | INPUT: Добави отбор Ботев в лига Първа лига 2025/2026 | INTENT: add_team_league | PARAMS: ❌ Няма такъв клуб.
2026-04-03 11:13:03 | INPUT: Добави отбор Ботев Пловдив в лига Първа лига 2025/2026 | INTENT: add_team_league | PARAMS: ✅ Ботев Пловдив е добавен в Първа лига.
2026-04-03 11:13:19 | INPUT: Генерирай програма Първа лига 2025/2026 | INTENT: generate_schedule | PARAMS: ✅ Генерирана програма с 3 кръга.
2026-04-03 11:13:34 | INPUT: Покажи програма Първа лига 2025/2026 | INTENT: show_schedule | PARAMS: {'league': 'Първа лига', 'season': '2025/2026'} | RESULT: Програма за Първа лига 2025/2026:

Кръг 1:
- Левски vs Ботев Пловдив
- ЦСКА vs Лудогорец

Кръг 2:
- Левски vs Лудогорец
- Ботев Пловдив vs ЦСКА

Кръг 3:
- Левски vs ЦСКА
- Лудогорец vs Ботев Пловдив

2026-04-03 11:13:34 | INPUT: Покажи програма Първа лига 2025/2026 | INTENT: show_schedule | PARAMS: Програма за Първа лига 2025/2026:

Кръг 1:
- Левски vs Ботев Пловдив
- ЦСКА vs Лудогорец

Кръг 2:
- Левски vs Лудогорец
- Ботев Пловдив vs ЦСКА

Кръг 3:
- Левски vs ЦСКА
- Лудогорец vs Ботев Пловдив

2026-04-22 23:34:39 | INPUT: Покажи лиги | INTENT: show_leagues | PARAMS: 🏆 ЛИГИ:
- Първа лига (2025/2026)

2026-04-22 23:34:49 | INPUT: Добави отбор Левски в Първа лига | INTENT: add_team_league | PARAMS: ❌ Липсва сезон. Пример: 2025/2026
2026-04-22 23:34:59 | INPUT: Добави отбор Левски в Първа лига 2025/2026 | INTENT: add_team_league | PARAMS: ❌ Липсва сезон. Пример: 2025/2026
2026-04-22 23:49:06 | INPUT: Добави отбор Левски в Първа лига | INTENT: add_team_league | PARAMS: ❌ Не разбирам командата.
2026-04-22 23:49:13 | INPUT: Добави отбор Левски в Първа лига 2025/2026 | INTENT: add_team_league | PARAMS: ✅ Левски добавен в Първа лига (2025/2026).
2026-04-22 23:52:11 | INPUT: Покажи лиги | INTENT: show_leagues | PARAMS: 🏆 ЛИГИ:
- Първа лига (2025/2026)

2026-04-22 23:52:18 | INPUT: Покажи отбори в лига Първа лига 2025/2026 | INTENT: list_teams_league | PARAMS: 🏆 Отбори в Първа лига (2025/2026):
- Левски
- ЦСКА
- Лудогорец
- Ботев Пловдив

2026-04-22 23:52:40 | INPUT: Добави отбор Левски в Първа лига 2025/2026 | INTENT: add_team_league | PARAMS: ✅ Левски добавен в Първа лига (2025/2026).
2026-04-22 23:52:42 | INPUT: Добави отбор Левски в Първа лига 2025/2026 | INTENT: add_team_league | PARAMS: ✅ Левски добавен в Първа лига (2025/2026).
2026-04-22 23:52:54 | INPUT: Покажи отбори в лига Първа лига 2025/2026 | INTENT: list_teams_league | PARAMS: 🏆 Отбори в Първа лига (2025/2026):
- Левски
- ЦСКА
- Лудогорец
- Ботев Пловдив

2026-04-23 00:23:43 | INPUT: Добави отбор Левски в Първа лига 2025/2026 | INTENT: add_team_league | PARAMS: ⚠️ Левски вече е в Първа лига (2025/2026).
2026-04-23 00:24:33 | INPUT: Покажи лиги | INTENT: show_leagues | PARAMS: 🏆 ЛИГИ:
- Първа лига (2025/2026)

2026-04-23 00:27:07 | INPUT: Генерирай програма Първа лига 2025/2026 | INTENT: generate_schedule | PARAMS: ❌ Вече има генерирана програма.
2026-04-23 00:28:18 | INPUT: покажи програма за Първа лига 2025/2026 | INTENT: show_schedule | PARAMS: {'league': 'за Първа лига', 'season': '2025/2026'} | RESULT: ❌ Лига 'за Първа лига' сезон 2025/2026 не съществува.
2026-04-23 00:28:18 | INPUT: покажи програма за Първа лига 2025/2026 | INTENT: show_schedule | PARAMS: ❌ Лига 'за Първа лига' сезон 2025/2026 не съществува.
2026-04-23 00:28:38 | INPUT: покажи програма Първа лига 2025/2026 | INTENT: show_schedule | PARAMS: {'league': 'Първа лига', 'season': '2025/2026'} | RESULT: Програма за Първа лига 2025/2026:

Кръг 1:
- Левски vs Ботев Пловдив
- ЦСКА vs Лудогорец

Кръг 2:
- Левски vs Лудогорец
- Ботев Пловдив vs ЦСКА

Кръг 3:
- Левски vs ЦСКА
- Лудогорец vs Ботев Пловдив

2026-04-23 00:28:38 | INPUT: покажи програма Първа лига 2025/2026 | INTENT: show_schedule | PARAMS: Програма за Първа лига 2025/2026:

Кръг 1:
- Левски vs Ботев Пловдив
- ЦСКА vs Лудогорец

Кръг 2:
- Левски vs Лудогорец
- Ботев Пловдив vs ЦСКА

Кръг 3:
- Левски vs ЦСКА
- Лудогорец vs Ботев Пловдив

2026-04-23 00:46:07 | INPUT: покажи кръг 1 Първа лига 2025/2026 | INTENT: show_round | PARAMS: 📅 Кръг 1 - Първа лига (2025/2026)

🆔 1 | 1 vs 4 | ⏳ неигран
🆔 2 | 2 vs 3 | ⏳ неигран

